SELECT *
FROM orders
WHERE o_orderdate BETWEEN '1997-01-01' AND '1997-12-31'


////////// EXECUTION PLAN:

Bitmap Heap Scan on orders  (cost=3164.29..32731.04 rows=229450 width=107)
  Recheck Cond: ((o_orderdate >= '1997-01-01'::date) AND (o_orderdate <= '1997-12-31'::date))
  ->  Bitmap Index Scan on idx_orders_orderdate  (cost=0.00..3106.93 rows=229450 width=0)
        Index Cond: ((o_orderdate >= '1997-01-01'::date) AND (o_orderdate <= '1997-12-31'::date))