CREATE INDEX idx_customer_nationkey ON customer (c_nationkey);

SELECT *
FROM orders JOIN customer ON o_custkey = c_custkey
WHERE c_nationkey = 10
ORDER BY o_custkey


////////// EXECUTION PLAN:

"Gather Merge  (cost=43757.60..49455.30 rows=48834 width=266)"
"  Workers Planned: 2"
"  ->  Sort  (cost=42757.58..42818.62 rows=24417 width=266)"
"        Sort Key: orders.o_custkey"
"        ->  Parallel Hash Join  (cost=3871.95..37887.62 rows=24417 width=266)"
"              Hash Cond: (orders.o_custkey = customer.c_custkey)"
"              ->  Parallel Seq Scan on orders  (cost=0.00..32375.00 rows=625000 width=107)"
"              ->  Parallel Hash  (cost=3841.42..3841.42 rows=2442 width=159)"
"                    ->  Parallel Bitmap Heap Scan on customer  (cost=69.71..3841.42 rows=2442 width=159)"
"                          Recheck Cond: (c_nationkey = 10)"
"                          ->  Bitmap Index Scan on idx_customer_nationkey  (cost=0.00..68.24 rows=5860 width=0)"
"                                Index Cond: (c_nationkey = 10)"